mode: set
github.com/simonntz/bookings/internal/render/render.go:24.40,26.2 1 1
github.com/simonntz/bookings/internal/render/render.go:29.84,36.2 5 1
github.com/simonntz/bookings/internal/render/render.go:39.105,42.18 2 1
github.com/simonntz/bookings/internal/render/render.go:49.2,50.9 2 1
github.com/simonntz/bookings/internal/render/render.go:55.2,62.16 5 1
github.com/simonntz/bookings/internal/render/render.go:67.2,67.12 1 1
github.com/simonntz/bookings/internal/render/render.go:42.18,45.3 1 0
github.com/simonntz/bookings/internal/render/render.go:45.8,47.3 1 1
github.com/simonntz/bookings/internal/render/render.go:50.9,53.3 2 1
github.com/simonntz/bookings/internal/render/render.go:62.16,65.3 2 0
github.com/simonntz/bookings/internal/render/render.go:71.67,76.16 3 1
github.com/simonntz/bookings/internal/render/render.go:80.2,80.29 1 1
github.com/simonntz/bookings/internal/render/render.go:102.2,102.21 1 1
github.com/simonntz/bookings/internal/render/render.go:76.16,78.3 1 0
github.com/simonntz/bookings/internal/render/render.go:80.29,83.17 3 1
github.com/simonntz/bookings/internal/render/render.go:87.3,88.17 2 1
github.com/simonntz/bookings/internal/render/render.go:92.3,92.23 1 1
github.com/simonntz/bookings/internal/render/render.go:99.3,99.21 1 1
github.com/simonntz/bookings/internal/render/render.go:83.17,85.4 1 0
github.com/simonntz/bookings/internal/render/render.go:88.17,90.4 1 0
github.com/simonntz/bookings/internal/render/render.go:92.23,94.18 2 1
github.com/simonntz/bookings/internal/render/render.go:94.18,96.5 1 0
